{"C:\\Users\\Lycanix\\Documents\\Hacktive 8\\4. Hacktive 8 - Phase 2\\Week(s) 3\\IP-RMT62\\server\\app.js": {"path":"C:\\Users\\Lycanix\\Documents\\Hacktive 8\\4. Hacktive 8 - Phase 2\\Week(s) 3\\IP-RMT62\\server\\app.js","statementMap":{"0":{"start":{"line":1,"column":0},"end":{"line":1,"column":27}},"1":{"start":{"line":3,"column":16},"end":{"line":3,"column":34}},"2":{"start":{"line":4,"column":13},"end":{"line":4,"column":28}},"3":{"start":{"line":5,"column":19},"end":{"line":5,"column":43}},"4":{"start":{"line":6,"column":24},"end":{"line":6,"column":53}},"5":{"start":{"line":7,"column":21},"end":{"line":7,"column":47}},"6":{"start":{"line":8,"column":21},"end":{"line":8,"column":58}},"7":{"start":{"line":10,"column":12},"end":{"line":10,"column":21}},"8":{"start":{"line":12,"column":0},"end":{"line":12,"column":16}},"9":{"start":{"line":13,"column":0},"end":{"line":13,"column":24}},"10":{"start":{"line":15,"column":0},"end":{"line":15,"column":37}},"11":{"start":{"line":16,"column":0},"end":{"line":16,"column":33}},"12":{"start":{"line":17,"column":0},"end":{"line":17,"column":40}},"13":{"start":{"line":20,"column":0},"end":{"line":20,"column":22}},"14":{"start":{"line":22,"column":0},"end":{"line":22,"column":21}}},"fnMap":{},"branchMap":{},"s":{"0":3,"1":3,"2":3,"3":3,"4":3,"5":3,"6":3,"7":3,"8":3,"9":3,"10":3,"11":3,"12":3,"13":3,"14":3},"f":{},"b":{},"_coverageSchema":"1a1c01bbd47fc00a2c39e90264f33305004495a9","hash":"c3bd18490ff69accebefe6ee8526e0cbaf80daad"}
,"C:\\Users\\Lycanix\\Documents\\Hacktive 8\\4. Hacktive 8 - Phase 2\\Week(s) 3\\IP-RMT62\\server\\controllers\\authController.js": {"path":"C:\\Users\\Lycanix\\Documents\\Hacktive 8\\4. Hacktive 8 - Phase 2\\Week(s) 3\\IP-RMT62\\server\\controllers\\authController.js","statementMap":{"0":{"start":{"line":1,"column":42},"end":{"line":1,"column":74}},"1":{"start":{"line":2,"column":17},"end":{"line":2,"column":37}},"2":{"start":{"line":3,"column":25},"end":{"line":3,"column":55}},"3":{"start":{"line":4,"column":15},"end":{"line":4,"column":61}},"4":{"start":{"line":5,"column":12},"end":{"line":5,"column":35}},"5":{"start":{"line":6,"column":15},"end":{"line":6,"column":34}},"6":{"start":{"line":8,"column":0},"end":{"line":101,"column":2}},"7":{"start":{"line":10,"column":2},"end":{"line":28,"column":3}},"8":{"start":{"line":11,"column":37},"end":{"line":11,"column":45}},"9":{"start":{"line":12,"column":3},"end":{"line":16,"column":4}},"10":{"start":{"line":13,"column":4},"end":{"line":15,"column":64}},"11":{"start":{"line":17,"column":18},"end":{"line":17,"column":46}},"12":{"start":{"line":18,"column":16},"end":{"line":18,"column":68}},"13":{"start":{"line":19,"column":3},"end":{"line":19,"column":60}},"14":{"start":{"line":21,"column":3},"end":{"line":23,"column":4}},"15":{"start":{"line":22,"column":4},"end":{"line":22,"column":65}},"16":{"start":{"line":24,"column":3},"end":{"line":26,"column":4}},"17":{"start":{"line":25,"column":4},"end":{"line":25,"column":66}},"18":{"start":{"line":27,"column":3},"end":{"line":27,"column":13}},"19":{"start":{"line":32,"column":2},"end":{"line":50,"column":3}},"20":{"start":{"line":33,"column":31},"end":{"line":33,"column":39}},"21":{"start":{"line":34,"column":3},"end":{"line":38,"column":4}},"22":{"start":{"line":35,"column":4},"end":{"line":37,"column":57}},"23":{"start":{"line":39,"column":16},"end":{"line":39,"column":56}},"24":{"start":{"line":40,"column":3},"end":{"line":42,"column":4}},"25":{"start":{"line":41,"column":4},"end":{"line":41,"column":66}},"26":{"start":{"line":43,"column":3},"end":{"line":45,"column":4}},"27":{"start":{"line":44,"column":4},"end":{"line":44,"column":66}},"28":{"start":{"line":46,"column":17},"end":{"line":46,"column":66}},"29":{"start":{"line":47,"column":3},"end":{"line":47,"column":23}},"30":{"start":{"line":49,"column":3},"end":{"line":49,"column":13}},"31":{"start":{"line":54,"column":2},"end":{"line":85,"column":3}},"32":{"start":{"line":55,"column":23},"end":{"line":55,"column":31}},"33":{"start":{"line":56,"column":3},"end":{"line":56,"column":75}},"34":{"start":{"line":56,"column":17},"end":{"line":56,"column":75}},"35":{"start":{"line":59,"column":18},"end":{"line":62,"column":5}},"36":{"start":{"line":63,"column":19},"end":{"line":63,"column":38}},"37":{"start":{"line":64,"column":17},"end":{"line":64,"column":30}},"38":{"start":{"line":67,"column":14},"end":{"line":67,"column":54}},"39":{"start":{"line":68,"column":3},"end":{"line":77,"column":4}},"40":{"start":{"line":69,"column":27},"end":{"line":71,"column":5}},"41":{"start":{"line":72,"column":4},"end":{"line":76,"column":7}},"42":{"start":{"line":80,"column":17},"end":{"line":80,"column":66}},"43":{"start":{"line":82,"column":3},"end":{"line":82,"column":23}},"44":{"start":{"line":84,"column":3},"end":{"line":84,"column":13}},"45":{"start":{"line":89,"column":2},"end":{"line":99,"column":3}},"46":{"start":{"line":90,"column":16},"end":{"line":92,"column":5}},"47":{"start":{"line":93,"column":3},"end":{"line":95,"column":4}},"48":{"start":{"line":94,"column":4},"end":{"line":94,"column":61}},"49":{"start":{"line":96,"column":3},"end":{"line":96,"column":18}},"50":{"start":{"line":98,"column":3},"end":{"line":98,"column":13}}},"fnMap":{"0":{"name":"(anonymous_0)","decl":{"start":{"line":9,"column":1},"end":{"line":9,"column":2}},"loc":{"start":{"line":9,"column":32},"end":{"line":29,"column":2}},"line":9},"1":{"name":"(anonymous_1)","decl":{"start":{"line":31,"column":1},"end":{"line":31,"column":2}},"loc":{"start":{"line":31,"column":29},"end":{"line":51,"column":2}},"line":31},"2":{"name":"(anonymous_2)","decl":{"start":{"line":53,"column":1},"end":{"line":53,"column":2}},"loc":{"start":{"line":53,"column":35},"end":{"line":86,"column":2}},"line":53},"3":{"name":"(anonymous_3)","decl":{"start":{"line":88,"column":1},"end":{"line":88,"column":2}},"loc":{"start":{"line":88,"column":31},"end":{"line":100,"column":2}},"line":88}},"branchMap":{"0":{"loc":{"start":{"line":12,"column":3},"end":{"line":16,"column":4}},"type":"if","locations":[{"start":{"line":12,"column":3},"end":{"line":16,"column":4}},{"start":{},"end":{}}],"line":12},"1":{"loc":{"start":{"line":12,"column":7},"end":{"line":12,"column":35}},"type":"binary-expr","locations":[{"start":{"line":12,"column":7},"end":{"line":12,"column":12}},{"start":{"line":12,"column":16},"end":{"line":12,"column":22}},{"start":{"line":12,"column":26},"end":{"line":12,"column":35}}],"line":12},"2":{"loc":{"start":{"line":21,"column":3},"end":{"line":23,"column":4}},"type":"if","locations":[{"start":{"line":21,"column":3},"end":{"line":23,"column":4}},{"start":{},"end":{}}],"line":21},"3":{"loc":{"start":{"line":24,"column":3},"end":{"line":26,"column":4}},"type":"if","locations":[{"start":{"line":24,"column":3},"end":{"line":26,"column":4}},{"start":{},"end":{}}],"line":24},"4":{"loc":{"start":{"line":34,"column":3},"end":{"line":38,"column":4}},"type":"if","locations":[{"start":{"line":34,"column":3},"end":{"line":38,"column":4}},{"start":{},"end":{}}],"line":34},"5":{"loc":{"start":{"line":34,"column":7},"end":{"line":34,"column":26}},"type":"binary-expr","locations":[{"start":{"line":34,"column":7},"end":{"line":34,"column":13}},{"start":{"line":34,"column":17},"end":{"line":34,"column":26}}],"line":34},"6":{"loc":{"start":{"line":40,"column":3},"end":{"line":42,"column":4}},"type":"if","locations":[{"start":{"line":40,"column":3},"end":{"line":42,"column":4}},{"start":{},"end":{}}],"line":40},"7":{"loc":{"start":{"line":40,"column":7},"end":{"line":40,"column":30}},"type":"binary-expr","locations":[{"start":{"line":40,"column":7},"end":{"line":40,"column":12}},{"start":{"line":40,"column":16},"end":{"line":40,"column":30}}],"line":40},"8":{"loc":{"start":{"line":43,"column":3},"end":{"line":45,"column":4}},"type":"if","locations":[{"start":{"line":43,"column":3},"end":{"line":45,"column":4}},{"start":{},"end":{}}],"line":43},"9":{"loc":{"start":{"line":56,"column":3},"end":{"line":56,"column":75}},"type":"if","locations":[{"start":{"line":56,"column":3},"end":{"line":56,"column":75}},{"start":{},"end":{}}],"line":56},"10":{"loc":{"start":{"line":68,"column":3},"end":{"line":77,"column":4}},"type":"if","locations":[{"start":{"line":68,"column":3},"end":{"line":77,"column":4}},{"start":{},"end":{}}],"line":68},"11":{"loc":{"start":{"line":75,"column":11},"end":{"line":75,"column":29}},"type":"binary-expr","locations":[{"start":{"line":75,"column":11},"end":{"line":75,"column":23}},{"start":{"line":75,"column":27},"end":{"line":75,"column":29}}],"line":75},"12":{"loc":{"start":{"line":93,"column":3},"end":{"line":95,"column":4}},"type":"if","locations":[{"start":{"line":93,"column":3},"end":{"line":95,"column":4}},{"start":{},"end":{}}],"line":93}},"s":{"0":5,"1":5,"2":5,"3":5,"4":5,"5":5,"6":5,"7":15,"8":15,"9":15,"10":4,"11":11,"12":11,"13":7,"14":4,"15":2,"16":2,"17":1,"18":1,"19":11,"20":11,"21":11,"22":3,"23":8,"24":8,"25":3,"26":5,"27":3,"28":2,"29":0,"30":2,"31":0,"32":0,"33":0,"34":0,"35":0,"36":0,"37":0,"38":0,"39":0,"40":0,"41":0,"42":0,"43":0,"44":0,"45":2,"46":2,"47":2,"48":1,"49":1,"50":0},"f":{"0":15,"1":11,"2":0,"3":2},"b":{"0":[4,11],"1":[15,11,11],"2":[2,2],"3":[1,1],"4":[3,8],"5":[11,8],"6":[3,5],"7":[8,6],"8":[3,2],"9":[0,0],"10":[0,0],"11":[0,0],"12":[1,1]},"_coverageSchema":"1a1c01bbd47fc00a2c39e90264f33305004495a9","hash":"9e7d9bba37ac2fcd1f9c22d4e0b6d0be41117e0b"}
,"C:\\Users\\Lycanix\\Documents\\Hacktive 8\\4. Hacktive 8 - Phase 2\\Week(s) 3\\IP-RMT62\\server\\controllers\\marketController.js": {"path":"C:\\Users\\Lycanix\\Documents\\Hacktive 8\\4. Hacktive 8 - Phase 2\\Week(s) 3\\IP-RMT62\\server\\controllers\\marketController.js","statementMap":{"0":{"start":{"line":1,"column":14},"end":{"line":1,"column":30}},"1":{"start":{"line":2,"column":22},"end":{"line":2,"column":42}},"2":{"start":{"line":3,"column":32},"end":{"line":3,"column":73}},"3":{"start":{"line":4,"column":36},"end":{"line":4,"column":71}},"4":{"start":{"line":6,"column":0},"end":{"line":21,"column":2}},"5":{"start":{"line":7,"column":1},"end":{"line":20,"column":2}},"6":{"start":{"line":8,"column":19},"end":{"line":10,"column":3}},"7":{"start":{"line":11,"column":19},"end":{"line":16,"column":5}},"8":{"start":{"line":11,"column":36},"end":{"line":16,"column":3}},"9":{"start":{"line":17,"column":2},"end":{"line":17,"column":21}},"10":{"start":{"line":19,"column":2},"end":{"line":19,"column":12}},"11":{"start":{"line":23,"column":0},"end":{"line":50,"column":2}},"12":{"start":{"line":24,"column":1},"end":{"line":49,"column":2}},"13":{"start":{"line":25,"column":38},"end":{"line":25,"column":46}},"14":{"start":{"line":27,"column":2},"end":{"line":31,"column":3}},"15":{"start":{"line":28,"column":3},"end":{"line":30,"column":58}},"16":{"start":{"line":33,"column":20},"end":{"line":33,"column":46}},"17":{"start":{"line":35,"column":21},"end":{"line":44,"column":4}},"18":{"start":{"line":46,"column":2},"end":{"line":46,"column":35}},"19":{"start":{"line":48,"column":2},"end":{"line":48,"column":12}},"20":{"start":{"line":52,"column":0},"end":{"line":70,"column":2}},"21":{"start":{"line":53,"column":1},"end":{"line":69,"column":2}},"22":{"start":{"line":54,"column":21},"end":{"line":57,"column":4}},"23":{"start":{"line":59,"column":21},"end":{"line":59,"column":69}},"24":{"start":{"line":59,"column":55},"end":{"line":59,"column":66}},"25":{"start":{"line":60,"column":17},"end":{"line":62,"column":68}},"26":{"start":{"line":64,"column":25},"end":{"line":64,"column":62}},"27":{"start":{"line":66,"column":2},"end":{"line":66,"column":31}},"28":{"start":{"line":68,"column":2},"end":{"line":68,"column":12}}},"fnMap":{"0":{"name":"(anonymous_0)","decl":{"start":{"line":6,"column":28},"end":{"line":6,"column":29}},"loc":{"start":{"line":6,"column":54},"end":{"line":21,"column":1}},"line":6},"1":{"name":"(anonymous_1)","decl":{"start":{"line":11,"column":28},"end":{"line":11,"column":29}},"loc":{"start":{"line":11,"column":36},"end":{"line":16,"column":3}},"line":11},"2":{"name":"(anonymous_2)","decl":{"start":{"line":23,"column":21},"end":{"line":23,"column":22}},"loc":{"start":{"line":23,"column":47},"end":{"line":50,"column":1}},"line":23},"3":{"name":"(anonymous_3)","decl":{"start":{"line":52,"column":25},"end":{"line":52,"column":26}},"loc":{"start":{"line":52,"column":51},"end":{"line":70,"column":1}},"line":52},"4":{"name":"(anonymous_4)","decl":{"start":{"line":59,"column":48},"end":{"line":59,"column":49}},"loc":{"start":{"line":59,"column":55},"end":{"line":59,"column":66}},"line":59}},"branchMap":{"0":{"loc":{"start":{"line":15,"column":14},"end":{"line":15,"column":57}},"type":"binary-expr","locations":[{"start":{"line":15,"column":14},"end":{"line":15,"column":25}},{"start":{"line":15,"column":29},"end":{"line":15,"column":57}}],"line":15},"1":{"loc":{"start":{"line":27,"column":2},"end":{"line":31,"column":3}},"type":"if","locations":[{"start":{"line":27,"column":2},"end":{"line":31,"column":3}},{"start":{},"end":{}}],"line":27},"2":{"loc":{"start":{"line":27,"column":6},"end":{"line":27,"column":36}},"type":"binary-expr","locations":[{"start":{"line":27,"column":6},"end":{"line":27,"column":18}},{"start":{"line":27,"column":22},"end":{"line":27,"column":26}},{"start":{"line":27,"column":30},"end":{"line":27,"column":36}}],"line":27}},"s":{"0":5,"1":5,"2":5,"3":5,"4":5,"5":3,"6":3,"7":2,"8":210,"9":2,"10":1,"11":5,"12":3,"13":3,"14":3,"15":1,"16":2,"17":2,"18":1,"19":1,"20":5,"21":2,"22":2,"23":1,"24":1,"25":1,"26":1,"27":1,"28":1},"f":{"0":3,"1":210,"2":3,"3":2,"4":1},"b":{"0":[210,210],"1":[1,2],"2":[3,2,2]},"_coverageSchema":"1a1c01bbd47fc00a2c39e90264f33305004495a9","hash":"46ed15021ffa03d737c60b835b11b41975a8a7af"}
,"C:\\Users\\Lycanix\\Documents\\Hacktive 8\\4. Hacktive 8 - Phase 2\\Week(s) 3\\IP-RMT62\\server\\controllers\\mydigimonController.js": {"path":"C:\\Users\\Lycanix\\Documents\\Hacktive 8\\4. Hacktive 8 - Phase 2\\Week(s) 3\\IP-RMT62\\server\\controllers\\mydigimonController.js","statementMap":{"0":{"start":{"line":1,"column":22},"end":{"line":1,"column":42}},"1":{"start":{"line":2,"column":32},"end":{"line":2,"column":73}},"2":{"start":{"line":4,"column":0},"end":{"line":118,"column":2}},"3":{"start":{"line":7,"column":2},"end":{"line":26,"column":3}},"4":{"start":{"line":8,"column":20},"end":{"line":22,"column":5}},"5":{"start":{"line":23,"column":3},"end":{"line":23,"column":22}},"6":{"start":{"line":25,"column":3},"end":{"line":25,"column":13}},"7":{"start":{"line":31,"column":2},"end":{"line":49,"column":3}},"8":{"start":{"line":32,"column":39},"end":{"line":32,"column":47}},"9":{"start":{"line":33,"column":21},"end":{"line":33,"column":47}},"10":{"start":{"line":35,"column":22},"end":{"line":44,"column":5}},"11":{"start":{"line":46,"column":3},"end":{"line":46,"column":36}},"12":{"start":{"line":48,"column":3},"end":{"line":48,"column":13}},"13":{"start":{"line":54,"column":2},"end":{"line":66,"column":3}},"14":{"start":{"line":55,"column":18},"end":{"line":55,"column":28}},"15":{"start":{"line":56,"column":19},"end":{"line":58,"column":5}},"16":{"start":{"line":59,"column":3},"end":{"line":59,"column":54}},"17":{"start":{"line":59,"column":17},"end":{"line":59,"column":54}},"18":{"start":{"line":61,"column":3},"end":{"line":61,"column":23}},"19":{"start":{"line":62,"column":3},"end":{"line":62,"column":24}},"20":{"start":{"line":63,"column":3},"end":{"line":63,"column":21}},"21":{"start":{"line":65,"column":3},"end":{"line":65,"column":13}},"22":{"start":{"line":71,"column":2},"end":{"line":83,"column":3}},"23":{"start":{"line":72,"column":18},"end":{"line":72,"column":28}},"24":{"start":{"line":73,"column":19},"end":{"line":75,"column":5}},"25":{"start":{"line":76,"column":3},"end":{"line":76,"column":54}},"26":{"start":{"line":76,"column":17},"end":{"line":76,"column":54}},"27":{"start":{"line":78,"column":3},"end":{"line":78,"column":22}},"28":{"start":{"line":79,"column":3},"end":{"line":79,"column":24}},"29":{"start":{"line":80,"column":3},"end":{"line":80,"column":21}},"30":{"start":{"line":82,"column":3},"end":{"line":82,"column":13}},"31":{"start":{"line":88,"column":2},"end":{"line":100,"column":3}},"32":{"start":{"line":89,"column":18},"end":{"line":89,"column":28}},"33":{"start":{"line":90,"column":19},"end":{"line":92,"column":5}},"34":{"start":{"line":93,"column":3},"end":{"line":93,"column":54}},"35":{"start":{"line":93,"column":17},"end":{"line":93,"column":54}},"36":{"start":{"line":95,"column":3},"end":{"line":95,"column":26}},"37":{"start":{"line":96,"column":3},"end":{"line":96,"column":24}},"38":{"start":{"line":97,"column":3},"end":{"line":97,"column":21}},"39":{"start":{"line":99,"column":3},"end":{"line":99,"column":13}},"40":{"start":{"line":105,"column":2},"end":{"line":116,"column":3}},"41":{"start":{"line":106,"column":18},"end":{"line":106,"column":28}},"42":{"start":{"line":107,"column":19},"end":{"line":109,"column":5}},"43":{"start":{"line":110,"column":3},"end":{"line":110,"column":54}},"44":{"start":{"line":110,"column":17},"end":{"line":110,"column":54}},"45":{"start":{"line":112,"column":3},"end":{"line":112,"column":27}},"46":{"start":{"line":113,"column":3},"end":{"line":113,"column":57}},"47":{"start":{"line":115,"column":3},"end":{"line":115,"column":13}}},"fnMap":{"0":{"name":"(anonymous_0)","decl":{"start":{"line":6,"column":1},"end":{"line":6,"column":2}},"loc":{"start":{"line":6,"column":30},"end":{"line":27,"column":2}},"line":6},"1":{"name":"(anonymous_1)","decl":{"start":{"line":30,"column":1},"end":{"line":30,"column":2}},"loc":{"start":{"line":30,"column":30},"end":{"line":50,"column":2}},"line":30},"2":{"name":"(anonymous_2)","decl":{"start":{"line":53,"column":1},"end":{"line":53,"column":2}},"loc":{"start":{"line":53,"column":28},"end":{"line":67,"column":2}},"line":53},"3":{"name":"(anonymous_3)","decl":{"start":{"line":70,"column":1},"end":{"line":70,"column":2}},"loc":{"start":{"line":70,"column":29},"end":{"line":84,"column":2}},"line":70},"4":{"name":"(anonymous_4)","decl":{"start":{"line":87,"column":1},"end":{"line":87,"column":2}},"loc":{"start":{"line":87,"column":28},"end":{"line":101,"column":2}},"line":87},"5":{"name":"(anonymous_5)","decl":{"start":{"line":104,"column":1},"end":{"line":104,"column":2}},"loc":{"start":{"line":104,"column":31},"end":{"line":117,"column":2}},"line":104}},"branchMap":{"0":{"loc":{"start":{"line":59,"column":3},"end":{"line":59,"column":54}},"type":"if","locations":[{"start":{"line":59,"column":3},"end":{"line":59,"column":54}},{"start":{},"end":{}}],"line":59},"1":{"loc":{"start":{"line":76,"column":3},"end":{"line":76,"column":54}},"type":"if","locations":[{"start":{"line":76,"column":3},"end":{"line":76,"column":54}},{"start":{},"end":{}}],"line":76},"2":{"loc":{"start":{"line":93,"column":3},"end":{"line":93,"column":54}},"type":"if","locations":[{"start":{"line":93,"column":3},"end":{"line":93,"column":54}},{"start":{},"end":{}}],"line":93},"3":{"loc":{"start":{"line":110,"column":3},"end":{"line":110,"column":54}},"type":"if","locations":[{"start":{"line":110,"column":3},"end":{"line":110,"column":54}},{"start":{},"end":{}}],"line":110}},"s":{"0":5,"1":5,"2":5,"3":2,"4":2,"5":1,"6":1,"7":3,"8":3,"9":3,"10":3,"11":1,"12":2,"13":2,"14":2,"15":2,"16":2,"17":1,"18":1,"19":1,"20":1,"21":1,"22":2,"23":2,"24":2,"25":2,"26":1,"27":1,"28":1,"29":1,"30":1,"31":2,"32":2,"33":2,"34":2,"35":1,"36":1,"37":1,"38":1,"39":1,"40":2,"41":2,"42":2,"43":2,"44":1,"45":1,"46":1,"47":1},"f":{"0":2,"1":3,"2":2,"3":2,"4":2,"5":2},"b":{"0":[1,1],"1":[1,1],"2":[1,1],"3":[1,1]},"_coverageSchema":"1a1c01bbd47fc00a2c39e90264f33305004495a9","hash":"90dfeef881008ae11e317d0de0be7dff82608fe2"}
,"C:\\Users\\Lycanix\\Documents\\Hacktive 8\\4. Hacktive 8 - Phase 2\\Week(s) 3\\IP-RMT62\\server\\helpers\\gemini.helper.js": {"path":"C:\\Users\\Lycanix\\Documents\\Hacktive 8\\4. Hacktive 8 - Phase 2\\Week(s) 3\\IP-RMT62\\server\\helpers\\gemini.helper.js","statementMap":{"0":{"start":{"line":1,"column":14},"end":{"line":1,"column":30}},"1":{"start":{"line":5,"column":2},"end":{"line":5,"column":92}},"2":{"start":{"line":6,"column":1},"end":{"line":28,"column":2}},"3":{"start":{"line":7,"column":19},"end":{"line":20,"column":3}},"4":{"start":{"line":22,"column":2},"end":{"line":25,"column":4}},"5":{"start":{"line":27,"column":2},"end":{"line":27,"column":63}},"6":{"start":{"line":31,"column":0},"end":{"line":31,"column":45}}},"fnMap":{"0":{"name":"getGeminiRecommendation","decl":{"start":{"line":3,"column":15},"end":{"line":3,"column":38}},"loc":{"start":{"line":3,"column":47},"end":{"line":29,"column":1}},"line":3}},"branchMap":{"0":{"loc":{"start":{"line":23,"column":3},"end":{"line":24,"column":27}},"type":"binary-expr","locations":[{"start":{"line":23,"column":3},"end":{"line":23,"column":59}},{"start":{"line":24,"column":3},"end":{"line":24,"column":27}}],"line":23}},"s":{"0":5,"1":1,"2":1,"3":1,"4":1,"5":0,"6":5},"f":{"0":1},"b":{"0":[1,1]},"_coverageSchema":"1a1c01bbd47fc00a2c39e90264f33305004495a9","hash":"a56584ffa4216b69c5ce2416de10e707cf920ee4"}
,"C:\\Users\\Lycanix\\Documents\\Hacktive 8\\4. Hacktive 8 - Phase 2\\Week(s) 3\\IP-RMT62\\server\\helpers\\jwt.helper.js": {"path":"C:\\Users\\Lycanix\\Documents\\Hacktive 8\\4. Hacktive 8 - Phase 2\\Week(s) 3\\IP-RMT62\\server\\helpers\\jwt.helper.js","statementMap":{"0":{"start":{"line":1,"column":15},"end":{"line":1,"column":34}},"1":{"start":{"line":4,"column":1},"end":{"line":4,"column":34}},"2":{"start":{"line":8,"column":1},"end":{"line":8,"column":39}},"3":{"start":{"line":11,"column":0},"end":{"line":11,"column":51}}},"fnMap":{"0":{"name":"hashPassword","decl":{"start":{"line":3,"column":9},"end":{"line":3,"column":21}},"loc":{"start":{"line":3,"column":32},"end":{"line":5,"column":1}},"line":3},"1":{"name":"comparePassword","decl":{"start":{"line":7,"column":9},"end":{"line":7,"column":24}},"loc":{"start":{"line":7,"column":41},"end":{"line":9,"column":1}},"line":7}},"branchMap":{},"s":{"0":5,"1":11,"2":5,"3":5},"f":{"0":11,"1":5},"b":{},"_coverageSchema":"1a1c01bbd47fc00a2c39e90264f33305004495a9","hash":"3606f5d059cee77f9dbbdf5c6a6bbac3d7b73fab"}
,"C:\\Users\\Lycanix\\Documents\\Hacktive 8\\4. Hacktive 8 - Phase 2\\Week(s) 3\\IP-RMT62\\server\\helpers\\mapLevelToAttribute.js": {"path":"C:\\Users\\Lycanix\\Documents\\Hacktive 8\\4. Hacktive 8 - Phase 2\\Week(s) 3\\IP-RMT62\\server\\helpers\\mapLevelToAttribute.js","statementMap":{"0":{"start":{"line":1,"column":25},"end":{"line":9,"column":1}},"1":{"start":{"line":12,"column":1},"end":{"line":12,"column":43}},"2":{"start":{"line":15,"column":0},"end":{"line":15,"column":41}}},"fnMap":{"0":{"name":"mapLevelToAttribute","decl":{"start":{"line":11,"column":9},"end":{"line":11,"column":28}},"loc":{"start":{"line":11,"column":36},"end":{"line":13,"column":1}},"line":11}},"branchMap":{"0":{"loc":{"start":{"line":12,"column":8},"end":{"line":12,"column":42}},"type":"binary-expr","locations":[{"start":{"line":12,"column":8},"end":{"line":12,"column":31}},{"start":{"line":12,"column":35},"end":{"line":12,"column":42}}],"line":12}},"s":{"0":4,"1":210,"2":4},"f":{"0":210},"b":{"0":[210,16]},"_coverageSchema":"1a1c01bbd47fc00a2c39e90264f33305004495a9","hash":"2f9792cf029e344c9567b20f09ac2d5bf720b0e3"}
,"C:\\Users\\Lycanix\\Documents\\Hacktive 8\\4. Hacktive 8 - Phase 2\\Week(s) 3\\IP-RMT62\\server\\middlewares\\auth.js": {"path":"C:\\Users\\Lycanix\\Documents\\Hacktive 8\\4. Hacktive 8 - Phase 2\\Week(s) 3\\IP-RMT62\\server\\middlewares\\auth.js","statementMap":{"0":{"start":{"line":1,"column":12},"end":{"line":1,"column":35}},"1":{"start":{"line":2,"column":17},"end":{"line":2,"column":37}},"2":{"start":{"line":4,"column":0},"end":{"line":28,"column":2}},"3":{"start":{"line":5,"column":1},"end":{"line":27,"column":2}},"4":{"start":{"line":6,"column":21},"end":{"line":6,"column":46}},"5":{"start":{"line":7,"column":2},"end":{"line":11,"column":3}},"6":{"start":{"line":8,"column":3},"end":{"line":10,"column":67}},"7":{"start":{"line":13,"column":16},"end":{"line":13,"column":40}},"8":{"start":{"line":14,"column":18},"end":{"line":14,"column":59}},"9":{"start":{"line":16,"column":15},"end":{"line":16,"column":46}},"10":{"start":{"line":17,"column":2},"end":{"line":21,"column":3}},"11":{"start":{"line":18,"column":3},"end":{"line":20,"column":64}},"12":{"start":{"line":23,"column":2},"end":{"line":23,"column":65}},"13":{"start":{"line":24,"column":2},"end":{"line":24,"column":9}},"14":{"start":{"line":26,"column":2},"end":{"line":26,"column":72}}},"fnMap":{"0":{"name":"(anonymous_0)","decl":{"start":{"line":4,"column":17},"end":{"line":4,"column":18}},"loc":{"start":{"line":4,"column":49},"end":{"line":28,"column":1}},"line":4}},"branchMap":{"0":{"loc":{"start":{"line":7,"column":2},"end":{"line":11,"column":3}},"type":"if","locations":[{"start":{"line":7,"column":2},"end":{"line":11,"column":3}},{"start":{},"end":{}}],"line":7},"1":{"loc":{"start":{"line":7,"column":6},"end":{"line":7,"column":54}},"type":"binary-expr","locations":[{"start":{"line":7,"column":6},"end":{"line":7,"column":17}},{"start":{"line":7,"column":21},"end":{"line":7,"column":54}}],"line":7},"2":{"loc":{"start":{"line":17,"column":2},"end":{"line":21,"column":3}},"type":"if","locations":[{"start":{"line":17,"column":2},"end":{"line":21,"column":3}},{"start":{},"end":{}}],"line":17}},"s":{"0":4,"1":4,"2":4,"3":4,"4":4,"5":4,"6":2,"7":2,"8":2,"9":0,"10":0,"11":0,"12":0,"13":0,"14":2},"f":{"0":4},"b":{"0":[2,2],"1":[4,2],"2":[0,0]},"_coverageSchema":"1a1c01bbd47fc00a2c39e90264f33305004495a9","hash":"6c59a253997bee905975ed28a3a0066555bf07f4"}
,"C:\\Users\\Lycanix\\Documents\\Hacktive 8\\4. Hacktive 8 - Phase 2\\Week(s) 3\\IP-RMT62\\server\\middlewares\\errorHandler.js": {"path":"C:\\Users\\Lycanix\\Documents\\Hacktive 8\\4. Hacktive 8 - Phase 2\\Week(s) 3\\IP-RMT62\\server\\middlewares\\errorHandler.js","statementMap":{"0":{"start":{"line":1,"column":0},"end":{"line":12,"column":2}},"1":{"start":{"line":3,"column":14},"end":{"line":3,"column":31}},"2":{"start":{"line":4,"column":15},"end":{"line":4,"column":53}},"3":{"start":{"line":7,"column":1},"end":{"line":9,"column":2}},"4":{"start":{"line":8,"column":2},"end":{"line":8,"column":21}},"5":{"start":{"line":11,"column":1},"end":{"line":11,"column":45}}},"fnMap":{"0":{"name":"(anonymous_0)","decl":{"start":{"line":1,"column":17},"end":{"line":1,"column":18}},"loc":{"start":{"line":1,"column":42},"end":{"line":12,"column":1}},"line":1}},"branchMap":{"0":{"loc":{"start":{"line":3,"column":14},"end":{"line":3,"column":31}},"type":"binary-expr","locations":[{"start":{"line":3,"column":14},"end":{"line":3,"column":24}},{"start":{"line":3,"column":28},"end":{"line":3,"column":31}}],"line":3},"1":{"loc":{"start":{"line":4,"column":15},"end":{"line":4,"column":53}},"type":"binary-expr","locations":[{"start":{"line":4,"column":15},"end":{"line":4,"column":26}},{"start":{"line":4,"column":30},"end":{"line":4,"column":53}}],"line":4},"2":{"loc":{"start":{"line":7,"column":1},"end":{"line":9,"column":2}},"type":"if","locations":[{"start":{"line":7,"column":1},"end":{"line":9,"column":2}},{"start":{},"end":{}}],"line":7}},"s":{"0":4,"1":3,"2":3,"3":3,"4":3,"5":3},"f":{"0":3},"b":{"0":[3,3],"1":[3,0],"2":[3,0]},"_coverageSchema":"1a1c01bbd47fc00a2c39e90264f33305004495a9","hash":"c29f13a21109809b371f8ae855a27b39ad3686de"}
,"C:\\Users\\Lycanix\\Documents\\Hacktive 8\\4. Hacktive 8 - Phase 2\\Week(s) 3\\IP-RMT62\\server\\models\\digimon.js": {"path":"C:\\Users\\Lycanix\\Documents\\Hacktive 8\\4. Hacktive 8 - Phase 2\\Week(s) 3\\IP-RMT62\\server\\models\\digimon.js","statementMap":{"0":{"start":{"line":4,"column":4},"end":{"line":4,"column":24}},"1":{"start":{"line":5,"column":0},"end":{"line":25,"column":2}},"2":{"start":{"line":16,"column":2},"end":{"line":23,"column":5}},"3":{"start":{"line":24,"column":2},"end":{"line":24,"column":17}}},"fnMap":{"0":{"name":"(anonymous_0)","decl":{"start":{"line":5,"column":17},"end":{"line":5,"column":18}},"loc":{"start":{"line":5,"column":43},"end":{"line":25,"column":1}},"line":5},"1":{"name":"(anonymous_1)","decl":{"start":{"line":12,"column":4},"end":{"line":12,"column":5}},"loc":{"start":{"line":12,"column":29},"end":{"line":14,"column":5}},"line":12}},"branchMap":{},"s":{"0":5,"1":5,"2":5,"3":5},"f":{"0":5,"1":5},"b":{},"_coverageSchema":"1a1c01bbd47fc00a2c39e90264f33305004495a9","hash":"ebd7bc4ef00a5d030e34fd87a42e636525f6c48d"}
,"C:\\Users\\Lycanix\\Documents\\Hacktive 8\\4. Hacktive 8 - Phase 2\\Week(s) 3\\IP-RMT62\\server\\models\\index.js": {"path":"C:\\Users\\Lycanix\\Documents\\Hacktive 8\\4. Hacktive 8 - Phase 2\\Week(s) 3\\IP-RMT62\\server\\models\\index.js","statementMap":{"0":{"start":{"line":3,"column":11},"end":{"line":3,"column":24}},"1":{"start":{"line":4,"column":13},"end":{"line":4,"column":28}},"2":{"start":{"line":5,"column":18},"end":{"line":5,"column":38}},"3":{"start":{"line":6,"column":16},"end":{"line":6,"column":34}},"4":{"start":{"line":7,"column":17},"end":{"line":7,"column":42}},"5":{"start":{"line":8,"column":12},"end":{"line":8,"column":49}},"6":{"start":{"line":9,"column":15},"end":{"line":9,"column":65}},"7":{"start":{"line":10,"column":11},"end":{"line":10,"column":13}},"8":{"start":{"line":13,"column":0},"end":{"line":17,"column":1}},"9":{"start":{"line":14,"column":2},"end":{"line":14,"column":74}},"10":{"start":{"line":16,"column":2},"end":{"line":16,"column":87}},"11":{"start":{"line":19,"column":0},"end":{"line":32,"column":5}},"12":{"start":{"line":22,"column":4},"end":{"line":27,"column":6}},"13":{"start":{"line":30,"column":18},"end":{"line":30,"column":85}},"14":{"start":{"line":31,"column":4},"end":{"line":31,"column":27}},"15":{"start":{"line":34,"column":0},"end":{"line":38,"column":3}},"16":{"start":{"line":35,"column":2},"end":{"line":37,"column":3}},"17":{"start":{"line":36,"column":4},"end":{"line":36,"column":32}},"18":{"start":{"line":40,"column":0},"end":{"line":40,"column":25}},"19":{"start":{"line":41,"column":0},"end":{"line":41,"column":25}},"20":{"start":{"line":43,"column":0},"end":{"line":43,"column":20}}},"fnMap":{"0":{"name":"(anonymous_0)","decl":{"start":{"line":21,"column":10},"end":{"line":21,"column":11}},"loc":{"start":{"line":21,"column":18},"end":{"line":28,"column":3}},"line":21},"1":{"name":"(anonymous_1)","decl":{"start":{"line":29,"column":11},"end":{"line":29,"column":12}},"loc":{"start":{"line":29,"column":19},"end":{"line":32,"column":3}},"line":29},"2":{"name":"(anonymous_2)","decl":{"start":{"line":34,"column":24},"end":{"line":34,"column":25}},"loc":{"start":{"line":34,"column":37},"end":{"line":38,"column":1}},"line":34}},"branchMap":{"0":{"loc":{"start":{"line":8,"column":12},"end":{"line":8,"column":49}},"type":"binary-expr","locations":[{"start":{"line":8,"column":12},"end":{"line":8,"column":32}},{"start":{"line":8,"column":36},"end":{"line":8,"column":49}}],"line":8},"1":{"loc":{"start":{"line":13,"column":0},"end":{"line":17,"column":1}},"type":"if","locations":[{"start":{"line":13,"column":0},"end":{"line":17,"column":1}},{"start":{"line":15,"column":7},"end":{"line":17,"column":1}}],"line":13},"2":{"loc":{"start":{"line":23,"column":6},"end":{"line":26,"column":37}},"type":"binary-expr","locations":[{"start":{"line":23,"column":6},"end":{"line":23,"column":29}},{"start":{"line":24,"column":6},"end":{"line":24,"column":23}},{"start":{"line":25,"column":6},"end":{"line":25,"column":30}},{"start":{"line":26,"column":6},"end":{"line":26,"column":37}}],"line":23},"3":{"loc":{"start":{"line":35,"column":2},"end":{"line":37,"column":3}},"type":"if","locations":[{"start":{"line":35,"column":2},"end":{"line":37,"column":3}},{"start":{},"end":{}}],"line":35}},"s":{"0":5,"1":5,"2":5,"3":5,"4":5,"5":5,"6":5,"7":5,"8":5,"9":0,"10":5,"11":5,"12":20,"13":15,"14":15,"15":5,"16":15,"17":15,"18":5,"19":5,"20":5},"f":{"0":20,"1":15,"2":15},"b":{"0":[5,0],"1":[0,5],"2":[20,20,15,15],"3":[15,0]},"_coverageSchema":"1a1c01bbd47fc00a2c39e90264f33305004495a9","hash":"76a311695f1e2a74e4dc4870397df4bfcff5a5f4"}
,"C:\\Users\\Lycanix\\Documents\\Hacktive 8\\4. Hacktive 8 - Phase 2\\Week(s) 3\\IP-RMT62\\server\\models\\mydigimon.js": {"path":"C:\\Users\\Lycanix\\Documents\\Hacktive 8\\4. Hacktive 8 - Phase 2\\Week(s) 3\\IP-RMT62\\server\\models\\mydigimon.js","statementMap":{"0":{"start":{"line":4,"column":4},"end":{"line":4,"column":24}},"1":{"start":{"line":5,"column":0},"end":{"line":60,"column":2}},"2":{"start":{"line":13,"column":6},"end":{"line":13,"column":65}},"3":{"start":{"line":16,"column":2},"end":{"line":58,"column":3}},"4":{"start":{"line":59,"column":2},"end":{"line":59,"column":19}}},"fnMap":{"0":{"name":"(anonymous_0)","decl":{"start":{"line":5,"column":17},"end":{"line":5,"column":18}},"loc":{"start":{"line":5,"column":43},"end":{"line":60,"column":1}},"line":5},"1":{"name":"(anonymous_1)","decl":{"start":{"line":12,"column":4},"end":{"line":12,"column":5}},"loc":{"start":{"line":12,"column":29},"end":{"line":14,"column":5}},"line":12}},"branchMap":{},"s":{"0":5,"1":5,"2":5,"3":5,"4":5},"f":{"0":5,"1":5},"b":{},"_coverageSchema":"1a1c01bbd47fc00a2c39e90264f33305004495a9","hash":"9b0d80ffa6bd65be1d0b998ffd9bf1858189f5a3"}
,"C:\\Users\\Lycanix\\Documents\\Hacktive 8\\4. Hacktive 8 - Phase 2\\Week(s) 3\\IP-RMT62\\server\\models\\user.js": {"path":"C:\\Users\\Lycanix\\Documents\\Hacktive 8\\4. Hacktive 8 - Phase 2\\Week(s) 3\\IP-RMT62\\server\\models\\user.js","statementMap":{"0":{"start":{"line":2,"column":18},"end":{"line":2,"column":38}},"1":{"start":{"line":3,"column":0},"end":{"line":28,"column":2}},"2":{"start":{"line":6,"column":3},"end":{"line":6,"column":60}},"3":{"start":{"line":9,"column":1},"end":{"line":26,"column":3}},"4":{"start":{"line":27,"column":1},"end":{"line":27,"column":13}}},"fnMap":{"0":{"name":"(anonymous_0)","decl":{"start":{"line":3,"column":17},"end":{"line":3,"column":18}},"loc":{"start":{"line":3,"column":43},"end":{"line":28,"column":1}},"line":3},"1":{"name":"(anonymous_1)","decl":{"start":{"line":5,"column":2},"end":{"line":5,"column":3}},"loc":{"start":{"line":5,"column":27},"end":{"line":7,"column":3}},"line":5}},"branchMap":{},"s":{"0":5,"1":5,"2":5,"3":5,"4":5},"f":{"0":5,"1":5},"b":{},"_coverageSchema":"1a1c01bbd47fc00a2c39e90264f33305004495a9","hash":"10a812b5c471d8b718380cd516fb626bfe6cb060"}
,"C:\\Users\\Lycanix\\Documents\\Hacktive 8\\4. Hacktive 8 - Phase 2\\Week(s) 3\\IP-RMT62\\server\\routes\\auth.js": {"path":"C:\\Users\\Lycanix\\Documents\\Hacktive 8\\4. Hacktive 8 - Phase 2\\Week(s) 3\\IP-RMT62\\server\\routes\\auth.js","statementMap":{"0":{"start":{"line":1,"column":16},"end":{"line":1,"column":34}},"1":{"start":{"line":2,"column":15},"end":{"line":2,"column":31}},"2":{"start":{"line":3,"column":23},"end":{"line":3,"column":63}},"3":{"start":{"line":4,"column":23},"end":{"line":4,"column":53}},"4":{"start":{"line":6,"column":0},"end":{"line":6,"column":50}},"5":{"start":{"line":7,"column":0},"end":{"line":7,"column":44}},"6":{"start":{"line":8,"column":0},"end":{"line":8,"column":51}},"7":{"start":{"line":9,"column":0},"end":{"line":9,"column":63}},"8":{"start":{"line":11,"column":0},"end":{"line":11,"column":24}}},"fnMap":{},"branchMap":{},"s":{"0":3,"1":3,"2":3,"3":3,"4":3,"5":3,"6":3,"7":3,"8":3},"f":{},"b":{},"_coverageSchema":"1a1c01bbd47fc00a2c39e90264f33305004495a9","hash":"6c9a35dbab51f00dcad589ccbc2895db4a179fa6"}
,"C:\\Users\\Lycanix\\Documents\\Hacktive 8\\4. Hacktive 8 - Phase 2\\Week(s) 3\\IP-RMT62\\server\\routes\\market.js": {"path":"C:\\Users\\Lycanix\\Documents\\Hacktive 8\\4. Hacktive 8 - Phase 2\\Week(s) 3\\IP-RMT62\\server\\routes\\market.js","statementMap":{"0":{"start":{"line":1,"column":16},"end":{"line":1,"column":34}},"1":{"start":{"line":2,"column":15},"end":{"line":2,"column":31}},"2":{"start":{"line":3,"column":13},"end":{"line":3,"column":43}},"3":{"start":{"line":4,"column":25},"end":{"line":4,"column":67}},"4":{"start":{"line":6,"column":0},"end":{"line":6,"column":52}},"5":{"start":{"line":7,"column":0},"end":{"line":7,"column":55}},"6":{"start":{"line":8,"column":0},"end":{"line":8,"column":69}},"7":{"start":{"line":10,"column":0},"end":{"line":10,"column":24}}},"fnMap":{},"branchMap":{},"s":{"0":3,"1":3,"2":3,"3":3,"4":3,"5":3,"6":3,"7":3},"f":{},"b":{},"_coverageSchema":"1a1c01bbd47fc00a2c39e90264f33305004495a9","hash":"4a60cd7e3562cacf72181ecfd2eba62d259919f7"}
,"C:\\Users\\Lycanix\\Documents\\Hacktive 8\\4. Hacktive 8 - Phase 2\\Week(s) 3\\IP-RMT62\\server\\routes\\mydigimon.js": {"path":"C:\\Users\\Lycanix\\Documents\\Hacktive 8\\4. Hacktive 8 - Phase 2\\Week(s) 3\\IP-RMT62\\server\\routes\\mydigimon.js","statementMap":{"0":{"start":{"line":1,"column":16},"end":{"line":1,"column":34}},"1":{"start":{"line":2,"column":15},"end":{"line":2,"column":31}},"2":{"start":{"line":3,"column":13},"end":{"line":3,"column":43}},"3":{"start":{"line":4,"column":28},"end":{"line":4,"column":73}},"4":{"start":{"line":7,"column":0},"end":{"line":7,"column":50}},"5":{"start":{"line":8,"column":0},"end":{"line":8,"column":51}},"6":{"start":{"line":9,"column":0},"end":{"line":9,"column":58}},"7":{"start":{"line":10,"column":0},"end":{"line":10,"column":60}},"8":{"start":{"line":11,"column":0},"end":{"line":11,"column":58}},"9":{"start":{"line":12,"column":0},"end":{"line":12,"column":57}},"10":{"start":{"line":14,"column":0},"end":{"line":14,"column":24}}},"fnMap":{},"branchMap":{},"s":{"0":3,"1":3,"2":3,"3":3,"4":3,"5":3,"6":3,"7":3,"8":3,"9":3,"10":3},"f":{},"b":{},"_coverageSchema":"1a1c01bbd47fc00a2c39e90264f33305004495a9","hash":"726c2a9b015dac05abb4b747e143f58852627e03"}
}
