TN:
SF:app.js
FNF:0
FNH:0
DA:1,3
DA:3,3
DA:4,3
DA:5,3
DA:6,3
DA:7,3
DA:8,3
DA:10,3
DA:12,3
DA:13,3
DA:15,3
DA:16,3
DA:17,3
DA:20,3
DA:22,3
LF:15
LH:15
BRF:0
BRH:0
end_of_record
TN:
SF:controllers\authController.js
FN:9,(anonymous_0)
FN:31,(anonymous_1)
FN:53,(anonymous_2)
FN:88,(anonymous_3)
FNF:4
FNH:3
FNDA:15,(anonymous_0)
FNDA:11,(anonymous_1)
FNDA:0,(anonymous_2)
FNDA:2,(anonymous_3)
DA:1,5
DA:2,5
DA:3,5
DA:4,5
DA:5,5
DA:6,5
DA:8,5
DA:10,15
DA:11,15
DA:12,15
DA:13,4
DA:17,11
DA:18,11
DA:19,7
DA:21,4
DA:22,2
DA:24,2
DA:25,1
DA:27,1
DA:32,11
DA:33,11
DA:34,11
DA:35,3
DA:39,8
DA:40,8
DA:41,3
DA:43,5
DA:44,3
DA:46,2
DA:47,0
DA:49,2
DA:54,0
DA:55,0
DA:56,0
DA:59,0
DA:63,0
DA:64,0
DA:67,0
DA:68,0
DA:69,0
DA:72,0
DA:80,0
DA:82,0
DA:84,0
DA:89,2
DA:90,2
DA:93,2
DA:94,1
DA:96,1
DA:98,0
LF:50
LH:35
BRDA:12,0,0,4
BRDA:12,0,1,11
BRDA:12,1,0,15
BRDA:12,1,1,11
BRDA:12,1,2,11
BRDA:21,2,0,2
BRDA:21,2,1,2
BRDA:24,3,0,1
BRDA:24,3,1,1
BRDA:34,4,0,3
BRDA:34,4,1,8
BRDA:34,5,0,11
BRDA:34,5,1,8
BRDA:40,6,0,3
BRDA:40,6,1,5
BRDA:40,7,0,8
BRDA:40,7,1,6
BRDA:43,8,0,3
BRDA:43,8,1,2
BRDA:56,9,0,0
BRDA:56,9,1,0
BRDA:68,10,0,0
BRDA:68,10,1,0
BRDA:75,11,0,0
BRDA:75,11,1,0
BRDA:93,12,0,1
BRDA:93,12,1,1
BRF:27
BRH:21
end_of_record
TN:
SF:controllers\marketController.js
FN:6,(anonymous_0)
FN:11,(anonymous_1)
FN:23,(anonymous_2)
FN:52,(anonymous_3)
FN:59,(anonymous_4)
FNF:5
FNH:5
FNDA:3,(anonymous_0)
FNDA:210,(anonymous_1)
FNDA:3,(anonymous_2)
FNDA:2,(anonymous_3)
FNDA:1,(anonymous_4)
DA:1,5
DA:2,5
DA:3,5
DA:4,5
DA:6,5
DA:7,3
DA:8,3
DA:11,210
DA:17,2
DA:19,1
DA:23,5
DA:24,3
DA:25,3
DA:27,3
DA:28,1
DA:33,2
DA:35,2
DA:46,1
DA:48,1
DA:52,5
DA:53,2
DA:54,2
DA:59,1
DA:60,1
DA:64,1
DA:66,1
DA:68,1
LF:27
LH:27
BRDA:15,0,0,210
BRDA:15,0,1,210
BRDA:27,1,0,1
BRDA:27,1,1,2
BRDA:27,2,0,3
BRDA:27,2,1,2
BRDA:27,2,2,2
BRF:7
BRH:7
end_of_record
TN:
SF:controllers\mydigimonController.js
FN:6,(anonymous_0)
FN:30,(anonymous_1)
FN:53,(anonymous_2)
FN:70,(anonymous_3)
FN:87,(anonymous_4)
FN:104,(anonymous_5)
FNF:6
FNH:6
FNDA:2,(anonymous_0)
FNDA:3,(anonymous_1)
FNDA:2,(anonymous_2)
FNDA:2,(anonymous_3)
FNDA:2,(anonymous_4)
FNDA:2,(anonymous_5)
DA:1,5
DA:2,5
DA:4,5
DA:7,2
DA:8,2
DA:23,1
DA:25,1
DA:31,3
DA:32,3
DA:33,3
DA:35,3
DA:46,1
DA:48,2
DA:54,2
DA:55,2
DA:56,2
DA:59,2
DA:61,1
DA:62,1
DA:63,1
DA:65,1
DA:71,2
DA:72,2
DA:73,2
DA:76,2
DA:78,1
DA:79,1
DA:80,1
DA:82,1
DA:88,2
DA:89,2
DA:90,2
DA:93,2
DA:95,1
DA:96,1
DA:97,1
DA:99,1
DA:105,2
DA:106,2
DA:107,2
DA:110,2
DA:112,1
DA:113,1
DA:115,1
LF:44
LH:44
BRDA:59,0,0,1
BRDA:59,0,1,1
BRDA:76,1,0,1
BRDA:76,1,1,1
BRDA:93,2,0,1
BRDA:93,2,1,1
BRDA:110,3,0,1
BRDA:110,3,1,1
BRF:8
BRH:8
end_of_record
TN:
SF:helpers\gemini.helper.js
FN:3,getGeminiRecommendation
FNF:1
FNH:1
FNDA:1,getGeminiRecommendation
DA:1,5
DA:5,1
DA:6,1
DA:7,1
DA:22,1
DA:27,0
DA:31,5
LF:7
LH:6
BRDA:23,0,0,1
BRDA:23,0,1,1
BRF:2
BRH:2
end_of_record
TN:
SF:helpers\jwt.helper.js
FN:3,hashPassword
FN:7,comparePassword
FNF:2
FNH:2
FNDA:11,hashPassword
FNDA:5,comparePassword
DA:1,5
DA:4,11
DA:8,5
DA:11,5
LF:4
LH:4
BRF:0
BRH:0
end_of_record
TN:
SF:helpers\mapLevelToAttribute.js
FN:11,mapLevelToAttribute
FNF:1
FNH:1
FNDA:210,mapLevelToAttribute
DA:1,4
DA:12,210
DA:15,4
LF:3
LH:3
BRDA:12,0,0,210
BRDA:12,0,1,16
BRF:2
BRH:2
end_of_record
TN:
SF:middlewares\auth.js
FN:4,(anonymous_0)
FNF:1
FNH:1
FNDA:4,(anonymous_0)
DA:1,4
DA:2,4
DA:4,4
DA:5,4
DA:6,4
DA:7,4
DA:8,2
DA:13,2
DA:14,2
DA:16,0
DA:17,0
DA:18,0
DA:23,0
DA:24,0
DA:26,2
LF:15
LH:10
BRDA:7,0,0,2
BRDA:7,0,1,2
BRDA:7,1,0,4
BRDA:7,1,1,2
BRDA:17,2,0,0
BRDA:17,2,1,0
BRF:6
BRH:4
end_of_record
TN:
SF:middlewares\errorHandler.js
FN:1,(anonymous_0)
FNF:1
FNH:1
FNDA:3,(anonymous_0)
DA:1,4
DA:3,3
DA:4,3
DA:7,3
DA:8,3
DA:11,3
LF:6
LH:6
BRDA:3,0,0,3
BRDA:3,0,1,3
BRDA:4,1,0,3
BRDA:4,1,1,0
BRDA:7,2,0,3
BRDA:7,2,1,0
BRF:6
BRH:4
end_of_record
TN:
SF:models\digimon.js
FN:5,(anonymous_0)
FN:12,(anonymous_1)
FNF:2
FNH:2
FNDA:5,(anonymous_0)
FNDA:5,(anonymous_1)
DA:4,5
DA:5,5
DA:16,5
DA:24,5
LF:4
LH:4
BRF:0
BRH:0
end_of_record
TN:
SF:models\index.js
FN:21,(anonymous_0)
FN:29,(anonymous_1)
FN:34,(anonymous_2)
FNF:3
FNH:3
FNDA:20,(anonymous_0)
FNDA:15,(anonymous_1)
FNDA:15,(anonymous_2)
DA:3,5
DA:4,5
DA:5,5
DA:6,5
DA:7,5
DA:8,5
DA:9,5
DA:10,5
DA:13,5
DA:14,0
DA:16,5
DA:19,5
DA:22,20
DA:30,15
DA:31,15
DA:34,5
DA:35,15
DA:36,15
DA:40,5
DA:41,5
DA:43,5
LF:21
LH:20
BRDA:8,0,0,5
BRDA:8,0,1,0
BRDA:13,1,0,0
BRDA:13,1,1,5
BRDA:23,2,0,20
BRDA:23,2,1,20
BRDA:23,2,2,15
BRDA:23,2,3,15
BRDA:35,3,0,15
BRDA:35,3,1,0
BRF:10
BRH:7
end_of_record
TN:
SF:models\mydigimon.js
FN:5,(anonymous_0)
FN:12,(anonymous_1)
FNF:2
FNH:2
FNDA:5,(anonymous_0)
FNDA:5,(anonymous_1)
DA:4,5
DA:5,5
DA:13,5
DA:16,5
DA:59,5
LF:5
LH:5
BRF:0
BRH:0
end_of_record
TN:
SF:models\user.js
FN:3,(anonymous_0)
FN:5,(anonymous_1)
FNF:2
FNH:2
FNDA:5,(anonymous_0)
FNDA:5,(anonymous_1)
DA:2,5
DA:3,5
DA:6,5
DA:9,5
DA:27,5
LF:5
LH:5
BRF:0
BRH:0
end_of_record
TN:
SF:routes\auth.js
FNF:0
FNH:0
DA:1,3
DA:2,3
DA:3,3
DA:4,3
DA:6,3
DA:7,3
DA:8,3
DA:9,3
DA:11,3
LF:9
LH:9
BRF:0
BRH:0
end_of_record
TN:
SF:routes\market.js
FNF:0
FNH:0
DA:1,3
DA:2,3
DA:3,3
DA:4,3
DA:6,3
DA:7,3
DA:8,3
DA:10,3
LF:8
LH:8
BRF:0
BRH:0
end_of_record
TN:
SF:routes\mydigimon.js
FNF:0
FNH:0
DA:1,3
DA:2,3
DA:3,3
DA:4,3
DA:7,3
DA:8,3
DA:9,3
DA:10,3
DA:11,3
DA:12,3
DA:14,3
LF:11
LH:11
BRF:0
BRH:0
end_of_record
